<?xml version="1.0" encoding="UTF-8"?>
<testsuite xmlns:xsi="http://www.w3.org/2001/XMLSchema-instance" xsi:noNamespaceSchemaLocation="https://maven.apache.org/surefire/maven-surefire-plugin/xsd/surefire-test-report-3.0.xsd" version="3.0" name="com.brnbyk.quarkus.example.test.CustomerMapperTest" time="2.169" tests="2" errors="2" skipped="0" failures="0">
  <properties>
    <property name="gopherProxySet" value="false"/>
    <property name="awt.toolkit" value="sun.lwawt.macosx.LWCToolkit"/>
    <property name="java.specification.version" value="11"/>
    <property name="sun.cpu.isalist" value=""/>
    <property name="sun.jnu.encoding" value="UTF-8"/>
    <property name="java.class.path" value="/Users/baranbuyuk/IdeaProjects/learnquarkus/target/test-classes:/Users/baranbuyuk/IdeaProjects/learnquarkus/target/classes:/Users/baranbuyuk/.m2/repository/io/quarkus/quarkus-resteasy/0.22.0/quarkus-resteasy-0.22.0.jar:/Users/baranbuyuk/.m2/repository/io/quarkus/quarkus-undertow/0.22.0/quarkus-undertow-0.22.0.jar:/Users/baranbuyuk/.m2/repository/io/quarkus/quarkus-undertow-common-substitutions/0.22.0/quarkus-undertow-common-substitutions-0.22.0.jar:/Users/baranbuyuk/.m2/repository/io/undertow/undertow-servlet/2.0.23.Final/undertow-servlet-2.0.23.Final.jar:/Users/baranbuyuk/.m2/repository/io/undertow/undertow-core/2.0.23.Final/undertow-core-2.0.23.Final.jar:/Users/baranbuyuk/.m2/repository/org/jboss/spec/javax/servlet/jboss-servlet-api_4.0_spec/1.0.0.Final/jboss-servlet-api_4.0_spec-1.0.0.Final.jar:/Users/baranbuyuk/.m2/repository/org/jboss/xnio/xnio-nio/3.7.2.Final/xnio-nio-3.7.2.Final.jar:/Users/baranbuyuk/.m2/repository/org/jboss/xnio/xnio-api/3.7.2.Final/xnio-api-3.7.2.Final.jar:/Users/baranbuyuk/.m2/repository/org/eclipse/microprofile/context-propagation/microprofile-context-propagation-api/1.0-RC1/microprofile-context-propagation-api-1.0-RC1.jar:/Users/baranbuyuk/.m2/repository/javax/enterprise/cdi-api/2.0.SP1/cdi-api-2.0.SP1.jar:/Users/baranbuyuk/.m2/repository/javax/el/javax.el-api/3.0.0/javax.el-api-3.0.0.jar:/Users/baranbuyuk/.m2/repository/javax/interceptor/javax.interceptor-api/1.2/javax.interceptor-api-1.2.jar:/Users/baranbuyuk/.m2/repository/io/quarkus/quarkus-resteasy-server-common/0.22.0/quarkus-resteasy-server-common-0.22.0.jar:/Users/baranbuyuk/.m2/repository/io/quarkus/quarkus-resteasy-common/0.22.0/quarkus-resteasy-common-0.22.0.jar:/Users/baranbuyuk/.m2/repository/org/jboss/resteasy/resteasy-core/4.2.0.Final/resteasy-core-4.2.0.Final.jar:/Users/baranbuyuk/.m2/repository/org/jboss/spec/javax/ws/rs/jboss-jaxrs-api_2.1_spec/1.0.2.Final/jboss-jaxrs-api_2.1_spec-1.0.2.Final.jar:/Users/baranbuyuk/.m2/repository/org/jboss/spec/javax/xml/bind/jboss-jaxb-api_2.3_spec/1.0.1.Final/jboss-jaxb-api_2.3_spec-1.0.1.Final.jar:/Users/baranbuyuk/.m2/repository/org/jboss/resteasy/resteasy-core-spi/4.2.0.Final/resteasy-core-spi-4.2.0.Final.jar:/Users/baranbuyuk/.m2/repository/org/reactivestreams/reactive-streams/1.0.2/reactive-streams-1.0.2.jar:/Users/baranbuyuk/.m2/repository/org/jboss/resteasy/resteasy-context-propagation/4.2.0.Final/resteasy-context-propagation-4.2.0.Final.jar:/Users/baranbuyuk/.m2/repository/com/sun/activation/jakarta.activation/1.2.1/jakarta.activation-1.2.1.jar:/Users/baranbuyuk/.m2/repository/javax/validation/validation-api/2.0.1.Final/validation-api-2.0.1.Final.jar:/Users/baranbuyuk/.m2/repository/io/quarkus/quarkus-jaxb/0.22.0/quarkus-jaxb-0.22.0.jar:/Users/baranbuyuk/.m2/repository/io/quarkus/quarkus-resteasy-jsonb/0.22.0/quarkus-resteasy-jsonb-0.22.0.jar:/Users/baranbuyuk/.m2/repository/io/quarkus/quarkus-jsonb/0.22.0/quarkus-jsonb-0.22.0.jar:/Users/baranbuyuk/.m2/repository/org/eclipse/yasson/1.0.4/yasson-1.0.4.jar:/Users/baranbuyuk/.m2/repository/javax/json/bind/javax.json.bind-api/1.0/javax.json.bind-api-1.0.jar:/Users/baranbuyuk/.m2/repository/io/quarkus/quarkus-jsonp/0.22.0/quarkus-jsonp-0.22.0.jar:/Users/baranbuyuk/.m2/repository/org/jboss/resteasy/resteasy-json-binding-provider/4.2.0.Final/resteasy-json-binding-provider-4.2.0.Final.jar:/Users/baranbuyuk/.m2/repository/org/glassfish/javax.json/1.1.4/javax.json-1.1.4.jar:/Users/baranbuyuk/.m2/repository/org/jboss/logging/jboss-logging/3.3.2.Final/jboss-logging-3.3.2.Final.jar:/Users/baranbuyuk/.m2/repository/org/jboss/resteasy/resteasy-json-p-provider/4.2.0.Final/resteasy-json-p-provider-4.2.0.Final.jar:/Users/baranbuyuk/.m2/repository/commons-io/commons-io/2.5/commons-io-2.5.jar:/Users/baranbuyuk/.m2/repository/io/quarkus/quarkus-jdbc-h2/0.22.0/quarkus-jdbc-h2-0.22.0.jar:/Users/baranbuyuk/.m2/repository/com/h2database/h2/1.4.197/h2-1.4.197.jar:/Users/baranbuyuk/.m2/repository/org/locationtech/jts/jts-core/1.15.0/jts-core-1.15.0.jar:/Users/baranbuyuk/.m2/repository/io/quarkus/quarkus-flyway/0.22.0/quarkus-flyway-0.22.0.jar:/Users/baranbuyuk/.m2/repository/io/quarkus/quarkus-core/0.22.0/quarkus-core-0.22.0.jar:/Users/baranbuyuk/.m2/repository/javax/inject/javax.inject/1/javax.inject-1.jar:/Users/baranbuyuk/.m2/repository/javax/annotation/javax.annotation-api/1.3.2/javax.annotation-api-1.3.2.jar:/Users/baranbuyuk/.m2/repository/io/smallrye/smallrye-config/1.3.5/smallrye-config-1.3.5.jar:/Users/baranbuyuk/.m2/repository/org/eclipse/microprofile/config/microprofile-config-api/1.3/microprofile-config-api-1.3.jar:/Users/baranbuyuk/.m2/repository/org/osgi/org.osgi.annotation.versioning/1.0.0/org.osgi.annotation.versioning-1.0.0.jar:/Users/baranbuyuk/.m2/repository/org/jboss/logmanager/jboss-logmanager-embedded/1.0.3/jboss-logmanager-embedded-1.0.3.jar:/Users/baranbuyuk/.m2/repository/org/jboss/logging/jboss-logging-annotations/2.1.0.Final/jboss-logging-annotations-2.1.0.Final.jar:/Users/baranbuyuk/.m2/repository/org/jboss/threads/jboss-threads/3.0.0.Beta5/jboss-threads-3.0.0.Beta5.jar:/Users/baranbuyuk/.m2/repository/org/slf4j/slf4j-api/1.7.25/slf4j-api-1.7.25.jar:/Users/baranbuyuk/.m2/repository/org/jboss/slf4j/slf4j-jboss-logging/1.2.0.Final/slf4j-jboss-logging-1.2.0.Final.jar:/Users/baranbuyuk/.m2/repository/org/graalvm/sdk/graal-sdk/19.1.1/graal-sdk-19.1.1.jar:/Users/baranbuyuk/.m2/repository/org/wildfly/common/wildfly-common/1.5.0.Final-format-001/wildfly-common-1.5.0.Final-format-001.jar:/Users/baranbuyuk/.m2/repository/org/wildfly/security/wildfly-elytron-ssl/2.0.0.Alpha4/wildfly-elytron-ssl-2.0.0.Alpha4.jar:/Users/baranbuyuk/.m2/repository/org/wildfly/security/wildfly-elytron-auth-server/2.0.0.Alpha4/wildfly-elytron-auth-server-2.0.0.Alpha4.jar:/Users/baranbuyuk/.m2/repository/org/wildfly/security/wildfly-elytron-permission/2.0.0.Alpha4/wildfly-elytron-permission-2.0.0.Alpha4.jar:/Users/baranbuyuk/.m2/repository/org/wildfly/security/wildfly-elytron-base/2.0.0.Alpha4/wildfly-elytron-base-2.0.0.Alpha4.jar:/Users/baranbuyuk/.m2/repository/org/wildfly/security/wildfly-elytron-credential/2.0.0.Alpha4/wildfly-elytron-credential-2.0.0.Alpha4.jar:/Users/baranbuyuk/.m2/repository/org/wildfly/security/wildfly-elytron-keystore/2.0.0.Alpha4/wildfly-elytron-keystore-2.0.0.Alpha4.jar:/Users/baranbuyuk/.m2/repository/org/wildfly/security/wildfly-elytron-provider-util/2.0.0.Alpha4/wildfly-elytron-provider-util-2.0.0.Alpha4.jar:/Users/baranbuyuk/.m2/repository/org/wildfly/security/wildfly-elytron-auth/2.0.0.Alpha4/wildfly-elytron-auth-2.0.0.Alpha4.jar:/Users/baranbuyuk/.m2/repository/org/wildfly/security/wildfly-elytron-util/2.0.0.Alpha4/wildfly-elytron-util-2.0.0.Alpha4.jar:/Users/baranbuyuk/.m2/repository/org/wildfly/security/wildfly-elytron-x500/2.0.0.Alpha4/wildfly-elytron-x500-2.0.0.Alpha4.jar:/Users/baranbuyuk/.m2/repository/org/wildfly/security/wildfly-elytron-x500-cert/2.0.0.Alpha4/wildfly-elytron-x500-cert-2.0.0.Alpha4.jar:/Users/baranbuyuk/.m2/repository/org/wildfly/security/wildfly-elytron-asn1/2.0.0.Alpha4/wildfly-elytron-asn1-2.0.0.Alpha4.jar:/Users/baranbuyuk/.m2/repository/org/wildfly/security/wildfly-elytron-x500-cert-util/2.0.0.Alpha4/wildfly-elytron-x500-cert-util-2.0.0.Alpha4.jar:/Users/baranbuyuk/.m2/repository/org/flywaydb/flyway-core/5.2.4/flyway-core-5.2.4.jar:/Users/baranbuyuk/.m2/repository/io/quarkus/quarkus-narayana-jta/0.22.0/quarkus-narayana-jta-0.22.0.jar:/Users/baranbuyuk/.m2/repository/io/smallrye/reactive/smallrye-reactive-streams-operators-1.0/1.0.6/smallrye-reactive-streams-operators-1.0-1.0.6.jar:/Users/baranbuyuk/.m2/repository/org/eclipse/microprofile/reactive-streams-operators/microprofile-reactive-streams-operators-api/1.0/microprofile-reactive-streams-operators-api-1.0.jar:/Users/baranbuyuk/.m2/repository/org/eclipse/microprofile/reactive-streams-operators/microprofile-reactive-streams-operators-core/1.0/microprofile-reactive-streams-operators-core-1.0.jar:/Users/baranbuyuk/.m2/repository/io/reactivex/rxjava2/rxjava/2.2.9/rxjava-2.2.9.jar:/Users/baranbuyuk/.m2/repository/io/smallrye/smallrye-context-propagation-jta/1.0.7/smallrye-context-propagation-jta-1.0.7.jar:/Users/baranbuyuk/.m2/repository/io/smallrye/smallrye-context-propagation/1.0.7/smallrye-context-propagation-1.0.7.jar:/Users/baranbuyuk/.m2/repository/io/smallrye/smallrye-context-propagation-api/1.0.7/smallrye-context-propagation-api-1.0.7.jar:/Users/baranbuyuk/.m2/repository/javax/transaction/javax.transaction-api/1.2/javax.transaction-api-1.2.jar:/Users/baranbuyuk/.m2/repository/io/smallrye/reactive/smallrye-reactive-converter-api/1.0.4/smallrye-reactive-converter-api-1.0.4.jar:/Users/baranbuyuk/.m2/repository/io/quarkus/quarkus-agroal/0.22.0/quarkus-agroal-0.22.0.jar:/Users/baranbuyuk/.m2/repository/io/quarkus/quarkus-arc/0.22.0/quarkus-arc-0.22.0.jar:/Users/baranbuyuk/.m2/repository/io/quarkus/arc/arc/0.22.0/arc-0.22.0.jar:/Users/baranbuyuk/.m2/repository/org/jboss/narayana/jta/narayana-jta/5.9.8.Final/narayana-jta-5.9.8.Final.jar:/Users/baranbuyuk/.m2/repository/org/jboss/jboss-transaction-spi/7.6.0.Final/jboss-transaction-spi-7.6.0.Final.jar:/Users/baranbuyuk/.m2/repository/org/jboss/spec/javax/resource/jboss-connector-api_1.7_spec/1.0.0.Final/jboss-connector-api_1.7_spec-1.0.0.Final.jar:/Users/baranbuyuk/.m2/repository/org/jboss/narayana/jts/narayana-jts-integration/5.9.8.Final/narayana-jts-integration-5.9.8.Final.jar:/Users/baranbuyuk/.m2/repository/org/jboss/spec/javax/transaction/jboss-transaction-api_1.2_spec/1.1.1.Final/jboss-transaction-api_1.2_spec-1.1.1.Final.jar:/Users/baranbuyuk/.m2/repository/io/agroal/agroal-api/1.5/agroal-api-1.5.jar:/Users/baranbuyuk/.m2/repository/io/agroal/agroal-narayana/1.5/agroal-narayana-1.5.jar:/Users/baranbuyuk/.m2/repository/io/agroal/agroal-pool/1.5/agroal-pool-1.5.jar:/Users/baranbuyuk/.m2/repository/io/quarkus/quarkus-hibernate-orm/0.22.0/quarkus-hibernate-orm-0.22.0.jar:/Users/baranbuyuk/.m2/repository/org/hibernate/hibernate-core/5.4.4.Final/hibernate-core-5.4.4.Final.jar:/Users/baranbuyuk/.m2/repository/javax/persistence/javax.persistence-api/2.2/javax.persistence-api-2.2.jar:/Users/baranbuyuk/.m2/repository/net/bytebuddy/byte-buddy/1.9.11/byte-buddy-1.9.11.jar:/Users/baranbuyuk/.m2/repository/antlr/antlr/2.7.7/antlr-2.7.7.jar:/Users/baranbuyuk/.m2/repository/org/jboss/jandex/2.1.1.Final/jandex-2.1.1.Final.jar:/Users/baranbuyuk/.m2/repository/com/fasterxml/classmate/1.3.4/classmate-1.3.4.jar:/Users/baranbuyuk/.m2/repository/org/dom4j/dom4j/2.1.1/dom4j-2.1.1.jar:/Users/baranbuyuk/.m2/repository/org/hibernate/common/hibernate-commons-annotations/5.1.0.Final/hibernate-commons-annotations-5.1.0.Final.jar:/Users/baranbuyuk/.m2/repository/org/hibernate/quarkus-local-cache/0.1.0/quarkus-local-cache-0.1.0.jar:/Users/baranbuyuk/.m2/repository/com/github/ben-manes/caffeine/caffeine/2.6.2/caffeine-2.6.2.jar:/Users/baranbuyuk/.m2/repository/io/quarkus/quarkus-caffeine/0.22.0/quarkus-caffeine-0.22.0.jar:/Users/baranbuyuk/.m2/repository/io/quarkus/quarkus-hibernate-validator/0.22.0/quarkus-hibernate-validator-0.22.0.jar:/Users/baranbuyuk/.m2/repository/org/hibernate/validator/hibernate-validator/6.1.0.Alpha6/hibernate-validator-6.1.0.Alpha6.jar:/Users/baranbuyuk/.m2/repository/io/quarkus/quarkus-junit5/0.22.0/quarkus-junit5-0.22.0.jar:/Users/baranbuyuk/.m2/repository/io/quarkus/quarkus-bootstrap-core/0.22.0/quarkus-bootstrap-core-0.22.0.jar:/Users/baranbuyuk/.m2/repository/org/apache/maven/maven-embedder/3.5.4/maven-embedder-3.5.4.jar:/Users/baranbuyuk/.m2/repository/org/apache/maven/maven-settings/3.5.4/maven-settings-3.5.4.jar:/Users/baranbuyuk/.m2/repository/org/apache/maven/maven-core/3.5.4/maven-core-3.5.4.jar:/Users/baranbuyuk/.m2/repository/org/apache/maven/maven-artifact/3.5.4/maven-artifact-3.5.4.jar:/Users/baranbuyuk/.m2/repository/org/apache/maven/maven-plugin-api/3.5.4/maven-plugin-api-3.5.4.jar:/Users/baranbuyuk/.m2/repository/org/apache/maven/maven-model/3.5.4/maven-model-3.5.4.jar:/Users/baranbuyuk/.m2/repository/org/apache/maven/maven-model-builder/3.5.4/maven-model-builder-3.5.4.jar:/Users/baranbuyuk/.m2/repository/org/apache/maven/maven-builder-support/3.5.4/maven-builder-support-3.5.4.jar:/Users/baranbuyuk/.m2/repository/org/apache/maven/resolver/maven-resolver-api/1.1.1/maven-resolver-api-1.1.1.jar:/Users/baranbuyuk/.m2/repository/org/apache/maven/resolver/maven-resolver-util/1.1.1/maven-resolver-util-1.1.1.jar:/Users/baranbuyuk/.m2/repository/org/apache/maven/shared/maven-shared-utils/3.2.1/maven-shared-utils-3.2.1.jar:/Users/baranbuyuk/.m2/repository/com/google/inject/guice/4.2.0/guice-4.2.0-no_aop.jar:/Users/baranbuyuk/.m2/repository/aopalliance/aopalliance/1.0/aopalliance-1.0.jar:/Users/baranbuyuk/.m2/repository/com/google/guava/guava/27.0.1-jre/guava-27.0.1-jre.jar:/Users/baranbuyuk/.m2/repository/com/google/guava/failureaccess/1.0.1/failureaccess-1.0.1.jar:/Users/baranbuyuk/.m2/repository/com/google/guava/listenablefuture/9999.0-empty-to-avoid-conflict-with-guava/listenablefuture-9999.0-empty-to-avoid-conflict-with-guava.jar:/Users/baranbuyuk/.m2/repository/com/google/code/findbugs/jsr305/3.0.2/jsr305-3.0.2.jar:/Users/baranbuyuk/.m2/repository/org/checkerframework/checker-qual/2.5.2/checker-qual-2.5.2.jar:/Users/baranbuyuk/.m2/repository/com/google/errorprone/error_prone_annotations/2.2.0/error_prone_annotations-2.2.0.jar:/Users/baranbuyuk/.m2/repository/com/google/j2objc/j2objc-annotations/1.1/j2objc-annotations-1.1.jar:/Users/baranbuyuk/.m2/repository/org/codehaus/mojo/animal-sniffer-annotations/1.17/animal-sniffer-annotations-1.17.jar:/Users/baranbuyuk/.m2/repository/javax/annotation/jsr250-api/1.0/jsr250-api-1.0.jar:/Users/baranbuyuk/.m2/repository/org/codehaus/plexus/plexus-utils/3.0.24/plexus-utils-3.0.24.jar:/Users/baranbuyuk/.m2/repository/org/codehaus/plexus/plexus-classworlds/2.5.2/plexus-classworlds-2.5.2.jar:/Users/baranbuyuk/.m2/repository/org/eclipse/sisu/org.eclipse.sisu.plexus/0.3.3/org.eclipse.sisu.plexus-0.3.3.jar:/Users/baranbuyuk/.m2/repository/org/codehaus/plexus/plexus-component-annotations/1.7.1/plexus-component-annotations-1.7.1.jar:/Users/baranbuyuk/.m2/repository/commons-cli/commons-cli/1.4/commons-cli-1.4.jar:/Users/baranbuyuk/.m2/repository/org/apache/maven/maven-settings-builder/3.5.4/maven-settings-builder-3.5.4.jar:/Users/baranbuyuk/.m2/repository/org/codehaus/plexus/plexus-interpolation/1.24/plexus-interpolation-1.24.jar:/Users/baranbuyuk/.m2/repository/org/sonatype/plexus/plexus-sec-dispatcher/1.4/plexus-sec-dispatcher-1.4.jar:/Users/baranbuyuk/.m2/repository/org/sonatype/plexus/plexus-cipher/1.4/plexus-cipher-1.4.jar:/Users/baranbuyuk/.m2/repository/org/apache/maven/maven-resolver-provider/3.5.4/maven-resolver-provider-3.5.4.jar:/Users/baranbuyuk/.m2/repository/org/apache/maven/maven-repository-metadata/3.5.4/maven-repository-metadata-3.5.4.jar:/Users/baranbuyuk/.m2/repository/org/apache/maven/resolver/maven-resolver-spi/1.1.1/maven-resolver-spi-1.1.1.jar:/Users/baranbuyuk/.m2/repository/org/apache/maven/resolver/maven-resolver-impl/1.1.1/maven-resolver-impl-1.1.1.jar:/Users/baranbuyuk/.m2/repository/org/apache/maven/resolver/maven-resolver-connector-basic/1.1.1/maven-resolver-connector-basic-1.1.1.jar:/Users/baranbuyuk/.m2/repository/org/apache/maven/resolver/maven-resolver-transport-wagon/1.1.1/maven-resolver-transport-wagon-1.1.1.jar:/Users/baranbuyuk/.m2/repository/org/apache/maven/wagon/wagon-provider-api/3.0.0/wagon-provider-api-3.0.0.jar:/Users/baranbuyuk/.m2/repository/org/apache/maven/wagon/wagon-http/3.0.0/wagon-http-3.0.0.jar:/Users/baranbuyuk/.m2/repository/org/apache/maven/wagon/wagon-http-shared/3.0.0/wagon-http-shared-3.0.0.jar:/Users/baranbuyuk/.m2/repository/org/jsoup/jsoup/1.7.2/jsoup-1.7.2.jar:/Users/baranbuyuk/.m2/repository/org/slf4j/jcl-over-slf4j/1.7.22/jcl-over-slf4j-1.7.22.jar:/Users/baranbuyuk/.m2/repository/org/apache/maven/wagon/wagon-file/3.0.0/wagon-file-3.0.0.jar:/Users/baranbuyuk/.m2/repository/io/quarkus/quarkus-test-common/0.22.0/quarkus-test-common-0.22.0.jar:/Users/baranbuyuk/.m2/repository/io/quarkus/quarkus-core-deployment/0.22.0/quarkus-core-deployment-0.22.0.jar:/Users/baranbuyuk/.m2/repository/commons-beanutils/commons-beanutils/1.9.3/commons-beanutils-1.9.3.jar:/Users/baranbuyuk/.m2/repository/commons-collections/commons-collections/3.2.2/commons-collections-3.2.2.jar:/Users/baranbuyuk/.m2/repository/org/jboss/invocation/jboss-invocation/1.5.2.Final/jboss-invocation-1.5.2.Final.jar:/Users/baranbuyuk/.m2/repository/org/jboss/classfilewriter/jboss-classfilewriter/1.2.4.Final/jboss-classfilewriter-1.2.4.Final.jar:/Users/baranbuyuk/.m2/repository/io/quarkus/gizmo/gizmo/1.0.0.Alpha7/gizmo-1.0.0.Alpha7.jar:/Users/baranbuyuk/.m2/repository/org/ow2/asm/asm-util/7.1/asm-util-7.1.jar:/Users/baranbuyuk/.m2/repository/org/ow2/asm/asm-tree/7.1/asm-tree-7.1.jar:/Users/baranbuyuk/.m2/repository/org/ow2/asm/asm-analysis/7.1/asm-analysis-7.1.jar:/Users/baranbuyuk/.m2/repository/org/ow2/asm/asm/7.1/asm-7.1.jar:/Users/baranbuyuk/.m2/repository/io/quarkus/quarkus-builder/0.22.0/quarkus-builder-0.22.0.jar:/Users/baranbuyuk/.m2/repository/io/quarkus/quarkus-jsonp-deployment/0.22.0/quarkus-jsonp-deployment-0.22.0.jar:/Users/baranbuyuk/.m2/repository/org/junit/jupiter/junit-jupiter-api/5.5.0/junit-jupiter-api-5.5.0.jar:/Users/baranbuyuk/.m2/repository/org/apiguardian/apiguardian-api/1.1.0/apiguardian-api-1.1.0.jar:/Users/baranbuyuk/.m2/repository/org/opentest4j/opentest4j/1.2.0/opentest4j-1.2.0.jar:/Users/baranbuyuk/.m2/repository/org/junit/platform/junit-platform-commons/1.5.0/junit-platform-commons-1.5.0.jar:/Users/baranbuyuk/.m2/repository/org/junit/jupiter/junit-jupiter-params/5.5.0/junit-jupiter-params-5.5.0.jar:/Users/baranbuyuk/.m2/repository/org/junit/jupiter/junit-jupiter-engine/5.5.0/junit-jupiter-engine-5.5.0.jar:/Users/baranbuyuk/.m2/repository/org/junit/platform/junit-platform-engine/1.5.0/junit-platform-engine-1.5.0.jar:/Users/baranbuyuk/.m2/repository/io/rest-assured/rest-assured/3.3.0/rest-assured-3.3.0.jar:/Users/baranbuyuk/.m2/repository/org/codehaus/groovy/groovy/2.4.15/groovy-2.4.15.jar:/Users/baranbuyuk/.m2/repository/org/codehaus/groovy/groovy-xml/2.4.15/groovy-xml-2.4.15.jar:/Users/baranbuyuk/.m2/repository/org/apache/httpcomponents/httpclient/4.5.9/httpclient-4.5.9.jar:/Users/baranbuyuk/.m2/repository/org/apache/httpcomponents/httpcore/4.4.11/httpcore-4.4.11.jar:/Users/baranbuyuk/.m2/repository/commons-logging/commons-logging/1.2/commons-logging-1.2.jar:/Users/baranbuyuk/.m2/repository/commons-codec/commons-codec/1.11/commons-codec-1.11.jar:/Users/baranbuyuk/.m2/repository/org/apache/httpcomponents/httpmime/4.5.3/httpmime-4.5.3.jar:/Users/baranbuyuk/.m2/repository/org/hamcrest/hamcrest-core/1.3/hamcrest-core-1.3.jar:/Users/baranbuyuk/.m2/repository/org/hamcrest/hamcrest-library/1.3/hamcrest-library-1.3.jar:/Users/baranbuyuk/.m2/repository/org/ccil/cowan/tagsoup/tagsoup/1.2.1/tagsoup-1.2.1.jar:/Users/baranbuyuk/.m2/repository/io/rest-assured/json-path/3.3.0/json-path-3.3.0.jar:/Users/baranbuyuk/.m2/repository/org/codehaus/groovy/groovy-json/2.4.15/groovy-json-2.4.15.jar:/Users/baranbuyuk/.m2/repository/io/rest-assured/rest-assured-common/3.3.0/rest-assured-common-3.3.0.jar:/Users/baranbuyuk/.m2/repository/io/rest-assured/xml-path/3.3.0/xml-path-3.3.0.jar:/Users/baranbuyuk/.m2/repository/org/apache/commons/commons-lang3/3.8.1/commons-lang3-3.8.1.jar:/Users/baranbuyuk/.m2/repository/javax/xml/bind/jaxb-api/2.3.1/jaxb-api-2.3.1.jar:/Users/baranbuyuk/.m2/repository/org/apache/sling/org.apache.sling.javax.activation/0.1.0/org.apache.sling.javax.activation-0.1.0.jar:/Users/baranbuyuk/.m2/repository/org/mapstruct/mapstruct-processor/1.3.0.Final/mapstruct-processor-1.3.0.Final.jar:/Users/baranbuyuk/.m2/repository/org/mapstruct/mapstruct/1.3.0.Final/mapstruct-1.3.0.Final.jar:"/>
    <property name="java.vm.vendor" value="Oracle Corporation"/>
    <property name="sun.arch.data.model" value="64"/>
    <property name="java.vendor.url" value="http://java.oracle.com/"/>
    <property name="user.timezone" value=""/>
    <property name="java.vm.specification.version" value="11"/>
    <property name="os.name" value="Mac OS X"/>
    <property name="sun.java.launcher" value="SUN_STANDARD"/>
    <property name="user.country" value="TR"/>
    <property name="sun.boot.library.path" value="/Library/Java/JavaVirtualMachines/jdk-11.0.1.jdk/Contents/Home/lib"/>
    <property name="sun.java.command" value="/Users/baranbuyuk/IdeaProjects/learnquarkus/target/surefire/surefirebooter18326929115419582739.jar /Users/baranbuyuk/IdeaProjects/learnquarkus/target/surefire 2019-09-19T15-45-30_398-jvmRun1 surefire2934475036608535343tmp surefire_012793824666481455007tmp"/>
    <property name="http.nonProxyHosts" value="local|*.local|169.254/16|*.169.254/16"/>
    <property name="jdk.debug" value="release"/>
    <property name="surefire.test.class.path" value="/Users/baranbuyuk/IdeaProjects/learnquarkus/target/test-classes:/Users/baranbuyuk/IdeaProjects/learnquarkus/target/classes:/Users/baranbuyuk/.m2/repository/io/quarkus/quarkus-resteasy/0.22.0/quarkus-resteasy-0.22.0.jar:/Users/baranbuyuk/.m2/repository/io/quarkus/quarkus-undertow/0.22.0/quarkus-undertow-0.22.0.jar:/Users/baranbuyuk/.m2/repository/io/quarkus/quarkus-undertow-common-substitutions/0.22.0/quarkus-undertow-common-substitutions-0.22.0.jar:/Users/baranbuyuk/.m2/repository/io/undertow/undertow-servlet/2.0.23.Final/undertow-servlet-2.0.23.Final.jar:/Users/baranbuyuk/.m2/repository/io/undertow/undertow-core/2.0.23.Final/undertow-core-2.0.23.Final.jar:/Users/baranbuyuk/.m2/repository/org/jboss/spec/javax/servlet/jboss-servlet-api_4.0_spec/1.0.0.Final/jboss-servlet-api_4.0_spec-1.0.0.Final.jar:/Users/baranbuyuk/.m2/repository/org/jboss/xnio/xnio-nio/3.7.2.Final/xnio-nio-3.7.2.Final.jar:/Users/baranbuyuk/.m2/repository/org/jboss/xnio/xnio-api/3.7.2.Final/xnio-api-3.7.2.Final.jar:/Users/baranbuyuk/.m2/repository/org/eclipse/microprofile/context-propagation/microprofile-context-propagation-api/1.0-RC1/microprofile-context-propagation-api-1.0-RC1.jar:/Users/baranbuyuk/.m2/repository/javax/enterprise/cdi-api/2.0.SP1/cdi-api-2.0.SP1.jar:/Users/baranbuyuk/.m2/repository/javax/el/javax.el-api/3.0.0/javax.el-api-3.0.0.jar:/Users/baranbuyuk/.m2/repository/javax/interceptor/javax.interceptor-api/1.2/javax.interceptor-api-1.2.jar:/Users/baranbuyuk/.m2/repository/io/quarkus/quarkus-resteasy-server-common/0.22.0/quarkus-resteasy-server-common-0.22.0.jar:/Users/baranbuyuk/.m2/repository/io/quarkus/quarkus-resteasy-common/0.22.0/quarkus-resteasy-common-0.22.0.jar:/Users/baranbuyuk/.m2/repository/org/jboss/resteasy/resteasy-core/4.2.0.Final/resteasy-core-4.2.0.Final.jar:/Users/baranbuyuk/.m2/repository/org/jboss/spec/javax/ws/rs/jboss-jaxrs-api_2.1_spec/1.0.2.Final/jboss-jaxrs-api_2.1_spec-1.0.2.Final.jar:/Users/baranbuyuk/.m2/repository/org/jboss/spec/javax/xml/bind/jboss-jaxb-api_2.3_spec/1.0.1.Final/jboss-jaxb-api_2.3_spec-1.0.1.Final.jar:/Users/baranbuyuk/.m2/repository/org/jboss/resteasy/resteasy-core-spi/4.2.0.Final/resteasy-core-spi-4.2.0.Final.jar:/Users/baranbuyuk/.m2/repository/org/reactivestreams/reactive-streams/1.0.2/reactive-streams-1.0.2.jar:/Users/baranbuyuk/.m2/repository/org/jboss/resteasy/resteasy-context-propagation/4.2.0.Final/resteasy-context-propagation-4.2.0.Final.jar:/Users/baranbuyuk/.m2/repository/com/sun/activation/jakarta.activation/1.2.1/jakarta.activation-1.2.1.jar:/Users/baranbuyuk/.m2/repository/javax/validation/validation-api/2.0.1.Final/validation-api-2.0.1.Final.jar:/Users/baranbuyuk/.m2/repository/io/quarkus/quarkus-jaxb/0.22.0/quarkus-jaxb-0.22.0.jar:/Users/baranbuyuk/.m2/repository/io/quarkus/quarkus-resteasy-jsonb/0.22.0/quarkus-resteasy-jsonb-0.22.0.jar:/Users/baranbuyuk/.m2/repository/io/quarkus/quarkus-jsonb/0.22.0/quarkus-jsonb-0.22.0.jar:/Users/baranbuyuk/.m2/repository/org/eclipse/yasson/1.0.4/yasson-1.0.4.jar:/Users/baranbuyuk/.m2/repository/javax/json/bind/javax.json.bind-api/1.0/javax.json.bind-api-1.0.jar:/Users/baranbuyuk/.m2/repository/io/quarkus/quarkus-jsonp/0.22.0/quarkus-jsonp-0.22.0.jar:/Users/baranbuyuk/.m2/repository/org/jboss/resteasy/resteasy-json-binding-provider/4.2.0.Final/resteasy-json-binding-provider-4.2.0.Final.jar:/Users/baranbuyuk/.m2/repository/org/glassfish/javax.json/1.1.4/javax.json-1.1.4.jar:/Users/baranbuyuk/.m2/repository/org/jboss/logging/jboss-logging/3.3.2.Final/jboss-logging-3.3.2.Final.jar:/Users/baranbuyuk/.m2/repository/org/jboss/resteasy/resteasy-json-p-provider/4.2.0.Final/resteasy-json-p-provider-4.2.0.Final.jar:/Users/baranbuyuk/.m2/repository/commons-io/commons-io/2.5/commons-io-2.5.jar:/Users/baranbuyuk/.m2/repository/io/quarkus/quarkus-jdbc-h2/0.22.0/quarkus-jdbc-h2-0.22.0.jar:/Users/baranbuyuk/.m2/repository/com/h2database/h2/1.4.197/h2-1.4.197.jar:/Users/baranbuyuk/.m2/repository/org/locationtech/jts/jts-core/1.15.0/jts-core-1.15.0.jar:/Users/baranbuyuk/.m2/repository/io/quarkus/quarkus-flyway/0.22.0/quarkus-flyway-0.22.0.jar:/Users/baranbuyuk/.m2/repository/io/quarkus/quarkus-core/0.22.0/quarkus-core-0.22.0.jar:/Users/baranbuyuk/.m2/repository/javax/inject/javax.inject/1/javax.inject-1.jar:/Users/baranbuyuk/.m2/repository/javax/annotation/javax.annotation-api/1.3.2/javax.annotation-api-1.3.2.jar:/Users/baranbuyuk/.m2/repository/io/smallrye/smallrye-config/1.3.5/smallrye-config-1.3.5.jar:/Users/baranbuyuk/.m2/repository/org/eclipse/microprofile/config/microprofile-config-api/1.3/microprofile-config-api-1.3.jar:/Users/baranbuyuk/.m2/repository/org/osgi/org.osgi.annotation.versioning/1.0.0/org.osgi.annotation.versioning-1.0.0.jar:/Users/baranbuyuk/.m2/repository/org/jboss/logmanager/jboss-logmanager-embedded/1.0.3/jboss-logmanager-embedded-1.0.3.jar:/Users/baranbuyuk/.m2/repository/org/jboss/logging/jboss-logging-annotations/2.1.0.Final/jboss-logging-annotations-2.1.0.Final.jar:/Users/baranbuyuk/.m2/repository/org/jboss/threads/jboss-threads/3.0.0.Beta5/jboss-threads-3.0.0.Beta5.jar:/Users/baranbuyuk/.m2/repository/org/slf4j/slf4j-api/1.7.25/slf4j-api-1.7.25.jar:/Users/baranbuyuk/.m2/repository/org/jboss/slf4j/slf4j-jboss-logging/1.2.0.Final/slf4j-jboss-logging-1.2.0.Final.jar:/Users/baranbuyuk/.m2/repository/org/graalvm/sdk/graal-sdk/19.1.1/graal-sdk-19.1.1.jar:/Users/baranbuyuk/.m2/repository/org/wildfly/common/wildfly-common/1.5.0.Final-format-001/wildfly-common-1.5.0.Final-format-001.jar:/Users/baranbuyuk/.m2/repository/org/wildfly/security/wildfly-elytron-ssl/2.0.0.Alpha4/wildfly-elytron-ssl-2.0.0.Alpha4.jar:/Users/baranbuyuk/.m2/repository/org/wildfly/security/wildfly-elytron-auth-server/2.0.0.Alpha4/wildfly-elytron-auth-server-2.0.0.Alpha4.jar:/Users/baranbuyuk/.m2/repository/org/wildfly/security/wildfly-elytron-permission/2.0.0.Alpha4/wildfly-elytron-permission-2.0.0.Alpha4.jar:/Users/baranbuyuk/.m2/repository/org/wildfly/security/wildfly-elytron-base/2.0.0.Alpha4/wildfly-elytron-base-2.0.0.Alpha4.jar:/Users/baranbuyuk/.m2/repository/org/wildfly/security/wildfly-elytron-credential/2.0.0.Alpha4/wildfly-elytron-credential-2.0.0.Alpha4.jar:/Users/baranbuyuk/.m2/repository/org/wildfly/security/wildfly-elytron-keystore/2.0.0.Alpha4/wildfly-elytron-keystore-2.0.0.Alpha4.jar:/Users/baranbuyuk/.m2/repository/org/wildfly/security/wildfly-elytron-provider-util/2.0.0.Alpha4/wildfly-elytron-provider-util-2.0.0.Alpha4.jar:/Users/baranbuyuk/.m2/repository/org/wildfly/security/wildfly-elytron-auth/2.0.0.Alpha4/wildfly-elytron-auth-2.0.0.Alpha4.jar:/Users/baranbuyuk/.m2/repository/org/wildfly/security/wildfly-elytron-util/2.0.0.Alpha4/wildfly-elytron-util-2.0.0.Alpha4.jar:/Users/baranbuyuk/.m2/repository/org/wildfly/security/wildfly-elytron-x500/2.0.0.Alpha4/wildfly-elytron-x500-2.0.0.Alpha4.jar:/Users/baranbuyuk/.m2/repository/org/wildfly/security/wildfly-elytron-x500-cert/2.0.0.Alpha4/wildfly-elytron-x500-cert-2.0.0.Alpha4.jar:/Users/baranbuyuk/.m2/repository/org/wildfly/security/wildfly-elytron-asn1/2.0.0.Alpha4/wildfly-elytron-asn1-2.0.0.Alpha4.jar:/Users/baranbuyuk/.m2/repository/org/wildfly/security/wildfly-elytron-x500-cert-util/2.0.0.Alpha4/wildfly-elytron-x500-cert-util-2.0.0.Alpha4.jar:/Users/baranbuyuk/.m2/repository/org/flywaydb/flyway-core/5.2.4/flyway-core-5.2.4.jar:/Users/baranbuyuk/.m2/repository/io/quarkus/quarkus-narayana-jta/0.22.0/quarkus-narayana-jta-0.22.0.jar:/Users/baranbuyuk/.m2/repository/io/smallrye/reactive/smallrye-reactive-streams-operators-1.0/1.0.6/smallrye-reactive-streams-operators-1.0-1.0.6.jar:/Users/baranbuyuk/.m2/repository/org/eclipse/microprofile/reactive-streams-operators/microprofile-reactive-streams-operators-api/1.0/microprofile-reactive-streams-operators-api-1.0.jar:/Users/baranbuyuk/.m2/repository/org/eclipse/microprofile/reactive-streams-operators/microprofile-reactive-streams-operators-core/1.0/microprofile-reactive-streams-operators-core-1.0.jar:/Users/baranbuyuk/.m2/repository/io/reactivex/rxjava2/rxjava/2.2.9/rxjava-2.2.9.jar:/Users/baranbuyuk/.m2/repository/io/smallrye/smallrye-context-propagation-jta/1.0.7/smallrye-context-propagation-jta-1.0.7.jar:/Users/baranbuyuk/.m2/repository/io/smallrye/smallrye-context-propagation/1.0.7/smallrye-context-propagation-1.0.7.jar:/Users/baranbuyuk/.m2/repository/io/smallrye/smallrye-context-propagation-api/1.0.7/smallrye-context-propagation-api-1.0.7.jar:/Users/baranbuyuk/.m2/repository/javax/transaction/javax.transaction-api/1.2/javax.transaction-api-1.2.jar:/Users/baranbuyuk/.m2/repository/io/smallrye/reactive/smallrye-reactive-converter-api/1.0.4/smallrye-reactive-converter-api-1.0.4.jar:/Users/baranbuyuk/.m2/repository/io/quarkus/quarkus-agroal/0.22.0/quarkus-agroal-0.22.0.jar:/Users/baranbuyuk/.m2/repository/io/quarkus/quarkus-arc/0.22.0/quarkus-arc-0.22.0.jar:/Users/baranbuyuk/.m2/repository/io/quarkus/arc/arc/0.22.0/arc-0.22.0.jar:/Users/baranbuyuk/.m2/repository/org/jboss/narayana/jta/narayana-jta/5.9.8.Final/narayana-jta-5.9.8.Final.jar:/Users/baranbuyuk/.m2/repository/org/jboss/jboss-transaction-spi/7.6.0.Final/jboss-transaction-spi-7.6.0.Final.jar:/Users/baranbuyuk/.m2/repository/org/jboss/spec/javax/resource/jboss-connector-api_1.7_spec/1.0.0.Final/jboss-connector-api_1.7_spec-1.0.0.Final.jar:/Users/baranbuyuk/.m2/repository/org/jboss/narayana/jts/narayana-jts-integration/5.9.8.Final/narayana-jts-integration-5.9.8.Final.jar:/Users/baranbuyuk/.m2/repository/org/jboss/spec/javax/transaction/jboss-transaction-api_1.2_spec/1.1.1.Final/jboss-transaction-api_1.2_spec-1.1.1.Final.jar:/Users/baranbuyuk/.m2/repository/io/agroal/agroal-api/1.5/agroal-api-1.5.jar:/Users/baranbuyuk/.m2/repository/io/agroal/agroal-narayana/1.5/agroal-narayana-1.5.jar:/Users/baranbuyuk/.m2/repository/io/agroal/agroal-pool/1.5/agroal-pool-1.5.jar:/Users/baranbuyuk/.m2/repository/io/quarkus/quarkus-hibernate-orm/0.22.0/quarkus-hibernate-orm-0.22.0.jar:/Users/baranbuyuk/.m2/repository/org/hibernate/hibernate-core/5.4.4.Final/hibernate-core-5.4.4.Final.jar:/Users/baranbuyuk/.m2/repository/javax/persistence/javax.persistence-api/2.2/javax.persistence-api-2.2.jar:/Users/baranbuyuk/.m2/repository/net/bytebuddy/byte-buddy/1.9.11/byte-buddy-1.9.11.jar:/Users/baranbuyuk/.m2/repository/antlr/antlr/2.7.7/antlr-2.7.7.jar:/Users/baranbuyuk/.m2/repository/org/jboss/jandex/2.1.1.Final/jandex-2.1.1.Final.jar:/Users/baranbuyuk/.m2/repository/com/fasterxml/classmate/1.3.4/classmate-1.3.4.jar:/Users/baranbuyuk/.m2/repository/org/dom4j/dom4j/2.1.1/dom4j-2.1.1.jar:/Users/baranbuyuk/.m2/repository/org/hibernate/common/hibernate-commons-annotations/5.1.0.Final/hibernate-commons-annotations-5.1.0.Final.jar:/Users/baranbuyuk/.m2/repository/org/hibernate/quarkus-local-cache/0.1.0/quarkus-local-cache-0.1.0.jar:/Users/baranbuyuk/.m2/repository/com/github/ben-manes/caffeine/caffeine/2.6.2/caffeine-2.6.2.jar:/Users/baranbuyuk/.m2/repository/io/quarkus/quarkus-caffeine/0.22.0/quarkus-caffeine-0.22.0.jar:/Users/baranbuyuk/.m2/repository/io/quarkus/quarkus-hibernate-validator/0.22.0/quarkus-hibernate-validator-0.22.0.jar:/Users/baranbuyuk/.m2/repository/org/hibernate/validator/hibernate-validator/6.1.0.Alpha6/hibernate-validator-6.1.0.Alpha6.jar:/Users/baranbuyuk/.m2/repository/io/quarkus/quarkus-junit5/0.22.0/quarkus-junit5-0.22.0.jar:/Users/baranbuyuk/.m2/repository/io/quarkus/quarkus-bootstrap-core/0.22.0/quarkus-bootstrap-core-0.22.0.jar:/Users/baranbuyuk/.m2/repository/org/apache/maven/maven-embedder/3.5.4/maven-embedder-3.5.4.jar:/Users/baranbuyuk/.m2/repository/org/apache/maven/maven-settings/3.5.4/maven-settings-3.5.4.jar:/Users/baranbuyuk/.m2/repository/org/apache/maven/maven-core/3.5.4/maven-core-3.5.4.jar:/Users/baranbuyuk/.m2/repository/org/apache/maven/maven-artifact/3.5.4/maven-artifact-3.5.4.jar:/Users/baranbuyuk/.m2/repository/org/apache/maven/maven-plugin-api/3.5.4/maven-plugin-api-3.5.4.jar:/Users/baranbuyuk/.m2/repository/org/apache/maven/maven-model/3.5.4/maven-model-3.5.4.jar:/Users/baranbuyuk/.m2/repository/org/apache/maven/maven-model-builder/3.5.4/maven-model-builder-3.5.4.jar:/Users/baranbuyuk/.m2/repository/org/apache/maven/maven-builder-support/3.5.4/maven-builder-support-3.5.4.jar:/Users/baranbuyuk/.m2/repository/org/apache/maven/resolver/maven-resolver-api/1.1.1/maven-resolver-api-1.1.1.jar:/Users/baranbuyuk/.m2/repository/org/apache/maven/resolver/maven-resolver-util/1.1.1/maven-resolver-util-1.1.1.jar:/Users/baranbuyuk/.m2/repository/org/apache/maven/shared/maven-shared-utils/3.2.1/maven-shared-utils-3.2.1.jar:/Users/baranbuyuk/.m2/repository/com/google/inject/guice/4.2.0/guice-4.2.0-no_aop.jar:/Users/baranbuyuk/.m2/repository/aopalliance/aopalliance/1.0/aopalliance-1.0.jar:/Users/baranbuyuk/.m2/repository/com/google/guava/guava/27.0.1-jre/guava-27.0.1-jre.jar:/Users/baranbuyuk/.m2/repository/com/google/guava/failureaccess/1.0.1/failureaccess-1.0.1.jar:/Users/baranbuyuk/.m2/repository/com/google/guava/listenablefuture/9999.0-empty-to-avoid-conflict-with-guava/listenablefuture-9999.0-empty-to-avoid-conflict-with-guava.jar:/Users/baranbuyuk/.m2/repository/com/google/code/findbugs/jsr305/3.0.2/jsr305-3.0.2.jar:/Users/baranbuyuk/.m2/repository/org/checkerframework/checker-qual/2.5.2/checker-qual-2.5.2.jar:/Users/baranbuyuk/.m2/repository/com/google/errorprone/error_prone_annotations/2.2.0/error_prone_annotations-2.2.0.jar:/Users/baranbuyuk/.m2/repository/com/google/j2objc/j2objc-annotations/1.1/j2objc-annotations-1.1.jar:/Users/baranbuyuk/.m2/repository/org/codehaus/mojo/animal-sniffer-annotations/1.17/animal-sniffer-annotations-1.17.jar:/Users/baranbuyuk/.m2/repository/javax/annotation/jsr250-api/1.0/jsr250-api-1.0.jar:/Users/baranbuyuk/.m2/repository/org/codehaus/plexus/plexus-utils/3.0.24/plexus-utils-3.0.24.jar:/Users/baranbuyuk/.m2/repository/org/codehaus/plexus/plexus-classworlds/2.5.2/plexus-classworlds-2.5.2.jar:/Users/baranbuyuk/.m2/repository/org/eclipse/sisu/org.eclipse.sisu.plexus/0.3.3/org.eclipse.sisu.plexus-0.3.3.jar:/Users/baranbuyuk/.m2/repository/org/codehaus/plexus/plexus-component-annotations/1.7.1/plexus-component-annotations-1.7.1.jar:/Users/baranbuyuk/.m2/repository/commons-cli/commons-cli/1.4/commons-cli-1.4.jar:/Users/baranbuyuk/.m2/repository/org/apache/maven/maven-settings-builder/3.5.4/maven-settings-builder-3.5.4.jar:/Users/baranbuyuk/.m2/repository/org/codehaus/plexus/plexus-interpolation/1.24/plexus-interpolation-1.24.jar:/Users/baranbuyuk/.m2/repository/org/sonatype/plexus/plexus-sec-dispatcher/1.4/plexus-sec-dispatcher-1.4.jar:/Users/baranbuyuk/.m2/repository/org/sonatype/plexus/plexus-cipher/1.4/plexus-cipher-1.4.jar:/Users/baranbuyuk/.m2/repository/org/apache/maven/maven-resolver-provider/3.5.4/maven-resolver-provider-3.5.4.jar:/Users/baranbuyuk/.m2/repository/org/apache/maven/maven-repository-metadata/3.5.4/maven-repository-metadata-3.5.4.jar:/Users/baranbuyuk/.m2/repository/org/apache/maven/resolver/maven-resolver-spi/1.1.1/maven-resolver-spi-1.1.1.jar:/Users/baranbuyuk/.m2/repository/org/apache/maven/resolver/maven-resolver-impl/1.1.1/maven-resolver-impl-1.1.1.jar:/Users/baranbuyuk/.m2/repository/org/apache/maven/resolver/maven-resolver-connector-basic/1.1.1/maven-resolver-connector-basic-1.1.1.jar:/Users/baranbuyuk/.m2/repository/org/apache/maven/resolver/maven-resolver-transport-wagon/1.1.1/maven-resolver-transport-wagon-1.1.1.jar:/Users/baranbuyuk/.m2/repository/org/apache/maven/wagon/wagon-provider-api/3.0.0/wagon-provider-api-3.0.0.jar:/Users/baranbuyuk/.m2/repository/org/apache/maven/wagon/wagon-http/3.0.0/wagon-http-3.0.0.jar:/Users/baranbuyuk/.m2/repository/org/apache/maven/wagon/wagon-http-shared/3.0.0/wagon-http-shared-3.0.0.jar:/Users/baranbuyuk/.m2/repository/org/jsoup/jsoup/1.7.2/jsoup-1.7.2.jar:/Users/baranbuyuk/.m2/repository/org/slf4j/jcl-over-slf4j/1.7.22/jcl-over-slf4j-1.7.22.jar:/Users/baranbuyuk/.m2/repository/org/apache/maven/wagon/wagon-file/3.0.0/wagon-file-3.0.0.jar:/Users/baranbuyuk/.m2/repository/io/quarkus/quarkus-test-common/0.22.0/quarkus-test-common-0.22.0.jar:/Users/baranbuyuk/.m2/repository/io/quarkus/quarkus-core-deployment/0.22.0/quarkus-core-deployment-0.22.0.jar:/Users/baranbuyuk/.m2/repository/commons-beanutils/commons-beanutils/1.9.3/commons-beanutils-1.9.3.jar:/Users/baranbuyuk/.m2/repository/commons-collections/commons-collections/3.2.2/commons-collections-3.2.2.jar:/Users/baranbuyuk/.m2/repository/org/jboss/invocation/jboss-invocation/1.5.2.Final/jboss-invocation-1.5.2.Final.jar:/Users/baranbuyuk/.m2/repository/org/jboss/classfilewriter/jboss-classfilewriter/1.2.4.Final/jboss-classfilewriter-1.2.4.Final.jar:/Users/baranbuyuk/.m2/repository/io/quarkus/gizmo/gizmo/1.0.0.Alpha7/gizmo-1.0.0.Alpha7.jar:/Users/baranbuyuk/.m2/repository/org/ow2/asm/asm-util/7.1/asm-util-7.1.jar:/Users/baranbuyuk/.m2/repository/org/ow2/asm/asm-tree/7.1/asm-tree-7.1.jar:/Users/baranbuyuk/.m2/repository/org/ow2/asm/asm-analysis/7.1/asm-analysis-7.1.jar:/Users/baranbuyuk/.m2/repository/org/ow2/asm/asm/7.1/asm-7.1.jar:/Users/baranbuyuk/.m2/repository/io/quarkus/quarkus-builder/0.22.0/quarkus-builder-0.22.0.jar:/Users/baranbuyuk/.m2/repository/io/quarkus/quarkus-jsonp-deployment/0.22.0/quarkus-jsonp-deployment-0.22.0.jar:/Users/baranbuyuk/.m2/repository/org/junit/jupiter/junit-jupiter-api/5.5.0/junit-jupiter-api-5.5.0.jar:/Users/baranbuyuk/.m2/repository/org/apiguardian/apiguardian-api/1.1.0/apiguardian-api-1.1.0.jar:/Users/baranbuyuk/.m2/repository/org/opentest4j/opentest4j/1.2.0/opentest4j-1.2.0.jar:/Users/baranbuyuk/.m2/repository/org/junit/platform/junit-platform-commons/1.5.0/junit-platform-commons-1.5.0.jar:/Users/baranbuyuk/.m2/repository/org/junit/jupiter/junit-jupiter-params/5.5.0/junit-jupiter-params-5.5.0.jar:/Users/baranbuyuk/.m2/repository/org/junit/jupiter/junit-jupiter-engine/5.5.0/junit-jupiter-engine-5.5.0.jar:/Users/baranbuyuk/.m2/repository/org/junit/platform/junit-platform-engine/1.5.0/junit-platform-engine-1.5.0.jar:/Users/baranbuyuk/.m2/repository/io/rest-assured/rest-assured/3.3.0/rest-assured-3.3.0.jar:/Users/baranbuyuk/.m2/repository/org/codehaus/groovy/groovy/2.4.15/groovy-2.4.15.jar:/Users/baranbuyuk/.m2/repository/org/codehaus/groovy/groovy-xml/2.4.15/groovy-xml-2.4.15.jar:/Users/baranbuyuk/.m2/repository/org/apache/httpcomponents/httpclient/4.5.9/httpclient-4.5.9.jar:/Users/baranbuyuk/.m2/repository/org/apache/httpcomponents/httpcore/4.4.11/httpcore-4.4.11.jar:/Users/baranbuyuk/.m2/repository/commons-logging/commons-logging/1.2/commons-logging-1.2.jar:/Users/baranbuyuk/.m2/repository/commons-codec/commons-codec/1.11/commons-codec-1.11.jar:/Users/baranbuyuk/.m2/repository/org/apache/httpcomponents/httpmime/4.5.3/httpmime-4.5.3.jar:/Users/baranbuyuk/.m2/repository/org/hamcrest/hamcrest-core/1.3/hamcrest-core-1.3.jar:/Users/baranbuyuk/.m2/repository/org/hamcrest/hamcrest-library/1.3/hamcrest-library-1.3.jar:/Users/baranbuyuk/.m2/repository/org/ccil/cowan/tagsoup/tagsoup/1.2.1/tagsoup-1.2.1.jar:/Users/baranbuyuk/.m2/repository/io/rest-assured/json-path/3.3.0/json-path-3.3.0.jar:/Users/baranbuyuk/.m2/repository/org/codehaus/groovy/groovy-json/2.4.15/groovy-json-2.4.15.jar:/Users/baranbuyuk/.m2/repository/io/rest-assured/rest-assured-common/3.3.0/rest-assured-common-3.3.0.jar:/Users/baranbuyuk/.m2/repository/io/rest-assured/xml-path/3.3.0/xml-path-3.3.0.jar:/Users/baranbuyuk/.m2/repository/org/apache/commons/commons-lang3/3.8.1/commons-lang3-3.8.1.jar:/Users/baranbuyuk/.m2/repository/javax/xml/bind/jaxb-api/2.3.1/jaxb-api-2.3.1.jar:/Users/baranbuyuk/.m2/repository/org/apache/sling/org.apache.sling.javax.activation/0.1.0/org.apache.sling.javax.activation-0.1.0.jar:/Users/baranbuyuk/.m2/repository/org/mapstruct/mapstruct-processor/1.3.0.Final/mapstruct-processor-1.3.0.Final.jar:/Users/baranbuyuk/.m2/repository/org/mapstruct/mapstruct/1.3.0.Final/mapstruct-1.3.0.Final.jar:"/>
    <property name="sun.cpu.endian" value="little"/>
    <property name="user.home" value="/Users/baranbuyuk"/>
    <property name="user.language" value="en"/>
    <property name="java.specification.vendor" value="Oracle Corporation"/>
    <property name="java.version.date" value="2018-10-16"/>
    <property name="java.home" value="/Library/Java/JavaVirtualMachines/jdk-11.0.1.jdk/Contents/Home"/>
    <property name="file.separator" value="/"/>
    <property name="basedir" value="/Users/baranbuyuk/IdeaProjects/learnquarkus"/>
    <property name="java.vm.compressedOopsMode" value="Zero based"/>
    <property name="line.separator" value="&#10;"/>
    <property name="java.specification.name" value="Java Platform API Specification"/>
    <property name="java.vm.specification.vendor" value="Oracle Corporation"/>
    <property name="java.awt.graphicsenv" value="sun.awt.CGraphicsEnvironment"/>
    <property name="surefire.real.class.path" value="/Users/baranbuyuk/IdeaProjects/learnquarkus/target/surefire/surefirebooter18326929115419582739.jar"/>
    <property name="sun.management.compiler" value="HotSpot 64-Bit Tiered Compilers"/>
    <property name="ftp.nonProxyHosts" value="local|*.local|169.254/16|*.169.254/16"/>
    <property name="java.runtime.version" value="11.0.1+13-LTS"/>
    <property name="user.name" value="baranbuyuk"/>
    <property name="path.separator" value=":"/>
    <property name="os.version" value="10.14.5"/>
    <property name="java.runtime.name" value="Java(TM) SE Runtime Environment"/>
    <property name="file.encoding" value="UTF-8"/>
    <property name="java.vm.name" value="Java HotSpot(TM) 64-Bit Server VM"/>
    <property name="java.vendor.version" value="18.9"/>
    <property name="localRepository" value="/Users/baranbuyuk/.m2/repository"/>
    <property name="java.vendor.url.bug" value="http://bugreport.java.com/bugreport/"/>
    <property name="java.io.tmpdir" value="/var/folders/fj/v0l95x0931q4v3bxr6klq8_40000gn/T/"/>
    <property name="java.version" value="11.0.1"/>
    <property name="user.dir" value="/Users/baranbuyuk/IdeaProjects/learnquarkus"/>
    <property name="os.arch" value="x86_64"/>
    <property name="java.vm.specification.name" value="Java Virtual Machine Specification"/>
    <property name="java.awt.printerjob" value="sun.lwawt.macosx.CPrinterJob"/>
    <property name="sun.os.patch.level" value="unknown"/>
    <property name="java.util.logging.manager" value="org.jboss.logmanager.LogManager"/>
    <property name="java.library.path" value="/Users/baranbuyuk/Library/Java/Extensions:/Library/Java/Extensions:/Network/Library/Java/Extensions:/System/Library/Java/Extensions:/usr/lib/java:."/>
    <property name="java.vendor" value="Oracle Corporation"/>
    <property name="java.vm.info" value="mixed mode"/>
    <property name="java.vm.version" value="11.0.1+13-LTS"/>
    <property name="sun.io.unicode.encoding" value="UnicodeBig"/>
    <property name="java.class.version" value="55.0"/>
    <property name="socksNonProxyHosts" value="local|*.local|169.254/16|*.169.254/16"/>
  </properties>
  <testcase name="testCustomerToCustomerDTO" classname="com.brnbyk.quarkus.example.test.CustomerMapperTest" time="0.028">
    <error message="TestInstanceFactory [io.quarkus.test.junit.QuarkusTestExtension] failed to instantiate test class [com.brnbyk.quarkus.example.test.CustomerMapperTest]: io.quarkus.builder.BuildException: Build failure: Build failed due to errors&#10;	[error]: Build step io.quarkus.hibernate.orm.deployment.HibernateOrmProcessor#build threw an exception: io.quarkus.deployment.configuration.ConfigurationError: Hibernate extension cannot guess the dialect as no JDBC driver is specified by &apos;quarkus.datasource.driver&apos;&#10;	at io.quarkus.hibernate.orm.deployment.HibernateOrmProcessor.guessDialect(HibernateOrmProcessor.java:509)&#10;	at io.quarkus.hibernate.orm.deployment.HibernateOrmProcessor.handleHibernateORMWithNoPersistenceXml(HibernateOrmProcessor.java:373)&#10;	at io.quarkus.hibernate.orm.deployment.HibernateOrmProcessor.build(HibernateOrmProcessor.java:180)&#10;	at java.base/jdk.internal.reflect.NativeMethodAccessorImpl.invoke0(Native Method)&#10;	at java.base/jdk.internal.reflect.NativeMethodAccessorImpl.invoke(NativeMethodAccessorImpl.java:62)&#10;	at java.base/jdk.internal.reflect.DelegatingMethodAccessorImpl.invoke(DelegatingMethodAccessorImpl.java:43)&#10;	at java.base/java.lang.reflect.Method.invoke(Method.java:566)&#10;	at io.quarkus.deployment.ExtensionLoader$1.execute(ExtensionLoader.java:768)&#10;	at io.quarkus.builder.BuildContext.run(BuildContext.java:415)&#10;	at org.jboss.threads.ContextClassLoaderSavingRunnable.run(ContextClassLoaderSavingRunnable.java:35)&#10;	at org.jboss.threads.EnhancedQueueExecutor.safeRun(EnhancedQueueExecutor.java:2011)&#10;	at org.jboss.threads.EnhancedQueueExecutor$ThreadBody.doRunTask(EnhancedQueueExecutor.java:1535)&#10;	at org.jboss.threads.EnhancedQueueExecutor$ThreadBody.run(EnhancedQueueExecutor.java:1426)&#10;	at java.base/java.lang.Thread.run(Thread.java:834)&#10;	at org.jboss.threads.JBossThread.run(JBossThread.java:479)&#10;" type="org.junit.jupiter.api.extension.TestInstantiationException">org.junit.jupiter.api.extension.TestInstantiationException: 
TestInstanceFactory [io.quarkus.test.junit.QuarkusTestExtension] failed to instantiate test class [com.brnbyk.quarkus.example.test.CustomerMapperTest]: io.quarkus.builder.BuildException: Build failure: Build failed due to errors
	[error]: Build step io.quarkus.hibernate.orm.deployment.HibernateOrmProcessor#build threw an exception: io.quarkus.deployment.configuration.ConfigurationError: Hibernate extension cannot guess the dialect as no JDBC driver is specified by 'quarkus.datasource.driver'
	at io.quarkus.hibernate.orm.deployment.HibernateOrmProcessor.guessDialect(HibernateOrmProcessor.java:509)
	at io.quarkus.hibernate.orm.deployment.HibernateOrmProcessor.handleHibernateORMWithNoPersistenceXml(HibernateOrmProcessor.java:373)
	at io.quarkus.hibernate.orm.deployment.HibernateOrmProcessor.build(HibernateOrmProcessor.java:180)
	at java.base/jdk.internal.reflect.NativeMethodAccessorImpl.invoke0(Native Method)
	at java.base/jdk.internal.reflect.NativeMethodAccessorImpl.invoke(NativeMethodAccessorImpl.java:62)
	at java.base/jdk.internal.reflect.DelegatingMethodAccessorImpl.invoke(DelegatingMethodAccessorImpl.java:43)
	at java.base/java.lang.reflect.Method.invoke(Method.java:566)
	at io.quarkus.deployment.ExtensionLoader$1.execute(ExtensionLoader.java:768)
	at io.quarkus.builder.BuildContext.run(BuildContext.java:415)
	at org.jboss.threads.ContextClassLoaderSavingRunnable.run(ContextClassLoaderSavingRunnable.java:35)
	at org.jboss.threads.EnhancedQueueExecutor.safeRun(EnhancedQueueExecutor.java:2011)
	at org.jboss.threads.EnhancedQueueExecutor$ThreadBody.doRunTask(EnhancedQueueExecutor.java:1535)
	at org.jboss.threads.EnhancedQueueExecutor$ThreadBody.run(EnhancedQueueExecutor.java:1426)
	at java.base/java.lang.Thread.run(Thread.java:834)
	at org.jboss.threads.JBossThread.run(JBossThread.java:479)

Caused by: java.lang.RuntimeException: 
io.quarkus.builder.BuildException: Build failure: Build failed due to errors
	[error]: Build step io.quarkus.hibernate.orm.deployment.HibernateOrmProcessor#build threw an exception: io.quarkus.deployment.configuration.ConfigurationError: Hibernate extension cannot guess the dialect as no JDBC driver is specified by 'quarkus.datasource.driver'
	at io.quarkus.hibernate.orm.deployment.HibernateOrmProcessor.guessDialect(HibernateOrmProcessor.java:509)
	at io.quarkus.hibernate.orm.deployment.HibernateOrmProcessor.handleHibernateORMWithNoPersistenceXml(HibernateOrmProcessor.java:373)
	at io.quarkus.hibernate.orm.deployment.HibernateOrmProcessor.build(HibernateOrmProcessor.java:180)
	at java.base/jdk.internal.reflect.NativeMethodAccessorImpl.invoke0(Native Method)
	at java.base/jdk.internal.reflect.NativeMethodAccessorImpl.invoke(NativeMethodAccessorImpl.java:62)
	at java.base/jdk.internal.reflect.DelegatingMethodAccessorImpl.invoke(DelegatingMethodAccessorImpl.java:43)
	at java.base/java.lang.reflect.Method.invoke(Method.java:566)
	at io.quarkus.deployment.ExtensionLoader$1.execute(ExtensionLoader.java:768)
	at io.quarkus.builder.BuildContext.run(BuildContext.java:415)
	at org.jboss.threads.ContextClassLoaderSavingRunnable.run(ContextClassLoaderSavingRunnable.java:35)
	at org.jboss.threads.EnhancedQueueExecutor.safeRun(EnhancedQueueExecutor.java:2011)
	at org.jboss.threads.EnhancedQueueExecutor$ThreadBody.doRunTask(EnhancedQueueExecutor.java:1535)
	at org.jboss.threads.EnhancedQueueExecutor$ThreadBody.run(EnhancedQueueExecutor.java:1426)
	at java.base/java.lang.Thread.run(Thread.java:834)
	at org.jboss.threads.JBossThread.run(JBossThread.java:479)

Caused by: io.quarkus.builder.BuildException: 
Build failure: Build failed due to errors
	[error]: Build step io.quarkus.hibernate.orm.deployment.HibernateOrmProcessor#build threw an exception: io.quarkus.deployment.configuration.ConfigurationError: Hibernate extension cannot guess the dialect as no JDBC driver is specified by 'quarkus.datasource.driver'
	at io.quarkus.hibernate.orm.deployment.HibernateOrmProcessor.guessDialect(HibernateOrmProcessor.java:509)
	at io.quarkus.hibernate.orm.deployment.HibernateOrmProcessor.handleHibernateORMWithNoPersistenceXml(HibernateOrmProcessor.java:373)
	at io.quarkus.hibernate.orm.deployment.HibernateOrmProcessor.build(HibernateOrmProcessor.java:180)
	at java.base/jdk.internal.reflect.NativeMethodAccessorImpl.invoke0(Native Method)
	at java.base/jdk.internal.reflect.NativeMethodAccessorImpl.invoke(NativeMethodAccessorImpl.java:62)
	at java.base/jdk.internal.reflect.DelegatingMethodAccessorImpl.invoke(DelegatingMethodAccessorImpl.java:43)
	at java.base/java.lang.reflect.Method.invoke(Method.java:566)
	at io.quarkus.deployment.ExtensionLoader$1.execute(ExtensionLoader.java:768)
	at io.quarkus.builder.BuildContext.run(BuildContext.java:415)
	at org.jboss.threads.ContextClassLoaderSavingRunnable.run(ContextClassLoaderSavingRunnable.java:35)
	at org.jboss.threads.EnhancedQueueExecutor.safeRun(EnhancedQueueExecutor.java:2011)
	at org.jboss.threads.EnhancedQueueExecutor$ThreadBody.doRunTask(EnhancedQueueExecutor.java:1535)
	at org.jboss.threads.EnhancedQueueExecutor$ThreadBody.run(EnhancedQueueExecutor.java:1426)
	at java.base/java.lang.Thread.run(Thread.java:834)
	at org.jboss.threads.JBossThread.run(JBossThread.java:479)

Caused by: io.quarkus.deployment.configuration.ConfigurationError: Hibernate extension cannot guess the dialect as no JDBC driver is specified by 'quarkus.datasource.driver'
</error>
    <system-out><![CDATA[15:45:33,086 INFO  [io.qua.dep.QuarkusAugmentor] Beginning quarkus augmentation
15:45:33,406 INFO  [org.jbo.threads] JBoss Threads version 3.0.0.Beta5
15:45:33,620 WARN  [io.qua.agr.dep.AgroalProcessor] Agroal dependency is present but no driver has been defined for the default datasource
15:45:33,693 INFO  [org.hib.jpa.boo.int.PersistenceXmlParser] HHH000318: Could not find any META-INF/persistence.xml file in the classpath
]]></system-out>
  </testcase>
  <testcase name="testCustomerDTOtoCustomer" classname="com.brnbyk.quarkus.example.test.CustomerMapperTest" time="0.02">
    <error type="java.lang.NullPointerException">java.lang.NullPointerException
</error>
  </testcase>
</testsuite>